2020-05-26 16:58:02,846 [INFO] com.example.demo.DemoApplication:50 - Starting DemoApplication on yao with PID 11604 (D:\briup-code\demo\target\classes started by 姚 in D:\briup-code\demo)
2020-05-26 16:58:02,878 [INFO] com.example.demo.DemoApplication:675 - No active profile set, falling back to default profiles: default
2020-05-26 16:58:02,988 [INFO] org.springframework.boot.devtools.env.DevToolsPropertyDefaultsPostProcessor:227 - Devtools property defaults active! Set 'spring.devtools.add-properties' to 'false' to disable
2020-05-26 16:58:02,989 [INFO] org.springframework.boot.devtools.env.DevToolsPropertyDefaultsPostProcessor:227 - For additional web related logging consider setting the 'logging.level.web' property to 'DEBUG'
2020-05-26 16:58:04,024 [INFO] org.springframework.data.repository.config.RepositoryConfigurationDelegate:244 - Multiple Spring Data modules found, entering strict repository configuration mode!
2020-05-26 16:58:04,025 [INFO] org.springframework.data.repository.config.RepositoryConfigurationDelegate:126 - Bootstrapping Spring Data repositories in DEFAULT mode.
2020-05-26 16:58:04,056 [INFO] org.springframework.data.repository.config.RepositoryConfigurationDelegate:182 - Finished Spring Data repository scanning in 20ms. Found 0 repository interfaces.
2020-05-26 16:58:04,072 [INFO] org.springframework.data.repository.config.RepositoryConfigurationDelegate:244 - Multiple Spring Data modules found, entering strict repository configuration mode!
2020-05-26 16:58:04,073 [INFO] org.springframework.data.repository.config.RepositoryConfigurationDelegate:126 - Bootstrapping Spring Data repositories in DEFAULT mode.
2020-05-26 16:58:04,089 [INFO] org.springframework.data.repository.config.RepositoryConfigurationDelegate:182 - Finished Spring Data repository scanning in 5ms. Found 0 repository interfaces.
2020-05-26 16:58:04,520 [INFO] org.springframework.context.support.PostProcessorRegistrationDelegate$BeanPostProcessorChecker:330 - Bean 'org.springframework.transaction.annotation.ProxyTransactionManagementConfiguration' of type [org.springframework.transaction.annotation.ProxyTransactionManagementConfiguration$$EnhancerBySpringCGLIB$$26314b61] is not eligible for getting processed by all BeanPostProcessors (for example: not eligible for auto-proxying)
2020-05-26 16:58:05,054 [INFO] org.springframework.boot.web.embedded.tomcat.TomcatWebServer:90 - Tomcat initialized with port(s): 10086 (http)
2020-05-26 16:58:05,071 [INFO] org.apache.coyote.http11.Http11NioProtocol:173 - Initializing ProtocolHandler ["http-nio-10086"]
2020-05-26 16:58:05,082 [INFO] org.apache.catalina.core.StandardService:173 - Starting service [Tomcat]
2020-05-26 16:58:05,082 [INFO] org.apache.catalina.core.StandardEngine:173 - Starting Servlet engine: [Apache Tomcat/9.0.17]
2020-05-26 16:58:05,255 [INFO] org.apache.catalina.core.ContainerBase.[Tomcat].[localhost].[/]:173 - Initializing Spring embedded WebApplicationContext
2020-05-26 16:58:05,255 [INFO] org.springframework.web.context.ContextLoader:296 - Root WebApplicationContext: initialization completed in 2266 ms
2020-05-26 16:58:05,527 [INFO] com.zaxxer.hikari.HikariDataSource:110 - HikariPool-1 - Starting...
2020-05-26 16:58:10,919 [INFO] com.zaxxer.hikari.HikariDataSource:123 - HikariPool-1 - Start completed.
2020-05-26 16:58:10,982 [INFO] org.hibernate.jpa.internal.util.LogHelper:31 - HHH000204: Processing PersistenceUnitInfo [
	name: default
	...]
2020-05-26 16:58:11,053 [INFO] org.hibernate.Version:46 - HHH000412: Hibernate Core {5.3.9.Final}
2020-05-26 16:58:11,055 [INFO] org.hibernate.cfg.Environment:213 - HHH000206: hibernate.properties not found
2020-05-26 16:58:11,206 [INFO] org.hibernate.annotations.common.Version:49 - HCANN000001: Hibernate Commons Annotations {5.0.4.Final}
2020-05-26 16:58:11,371 [INFO] org.hibernate.dialect.Dialect:157 - HHH000400: Using dialect: org.hibernate.dialect.MySQL5Dialect
2020-05-26 16:58:11,572 [INFO] org.springframework.orm.jpa.LocalContainerEntityManagerFactoryBean:415 - Initialized JPA EntityManagerFactory for persistence unit 'default'
2020-05-26 16:58:12,091 [INFO] org.springframework.scheduling.concurrent.ThreadPoolTaskExecutor:171 - Initializing ExecutorService 'applicationTaskExecutor'
2020-05-26 16:58:12,130 [WARN] org.springframework.boot.autoconfigure.orm.jpa.JpaBaseConfiguration$JpaWebConfiguration$JpaWebMvcConfiguration:237 - spring.jpa.open-in-view is enabled by default. Therefore, database queries may be performed during view rendering. Explicitly configure spring.jpa.open-in-view to disable this warning
2020-05-26 16:58:12,740 [INFO] org.springframework.boot.devtools.autoconfigure.OptionalLiveReloadServer:57 - LiveReload server is running on port 35729
2020-05-26 16:58:12,809 [INFO] org.apache.coyote.http11.Http11NioProtocol:173 - Starting ProtocolHandler ["http-nio-10086"]
2020-05-26 16:58:12,852 [INFO] org.springframework.boot.web.embedded.tomcat.TomcatWebServer:204 - Tomcat started on port(s): 10086 (http) with context path ''
2020-05-26 16:58:12,856 [INFO] com.example.demo.DemoApplication:59 - Started DemoApplication in 10.956 seconds (JVM running for 13.352)
2020-05-26 16:58:40,871 [INFO] org.apache.catalina.core.ContainerBase.[Tomcat].[localhost].[/]:173 - Initializing Spring DispatcherServlet 'dispatcherServlet'
2020-05-26 16:58:40,871 [INFO] org.springframework.web.servlet.DispatcherServlet:524 - Initializing Servlet 'dispatcherServlet'
2020-05-26 16:58:40,884 [INFO] org.springframework.web.servlet.DispatcherServlet:546 - Completed initialization in 12 ms
2020-05-26 16:58:40,918 [WARN] org.springframework.web.servlet.mvc.support.DefaultHandlerExceptionResolver:197 - Resolved [org.springframework.web.HttpRequestMethodNotSupportedException: Request method 'POST' not supported]
2020-05-26 16:58:46,143 [INFO] com.example.demo.service.CustomerService:44 - 返回com.example.demo.domain.Customertype@7f414fb9：
2020-05-26 16:58:46,153 [INFO] com.example.demo.service.CustomerService:44 - 返回com.example.demo.domain.Customertype@41072048：
2020-05-26 16:58:46,163 [INFO] com.example.demo.service.CustomerService:44 - 返回com.example.demo.domain.Customertype@2dba98e6：
2020-05-26 17:00:39,784 [INFO] com.example.demo.DemoApplication:50 - Starting DemoApplication on yao with PID 15184 (D:\briup-code\demo\target\classes started by 姚 in D:\briup-code\demo)
2020-05-26 17:00:39,805 [INFO] com.example.demo.DemoApplication:675 - No active profile set, falling back to default profiles: default
2020-05-26 17:00:39,907 [INFO] org.springframework.boot.devtools.env.DevToolsPropertyDefaultsPostProcessor:227 - Devtools property defaults active! Set 'spring.devtools.add-properties' to 'false' to disable
2020-05-26 17:00:39,907 [INFO] org.springframework.boot.devtools.env.DevToolsPropertyDefaultsPostProcessor:227 - For additional web related logging consider setting the 'logging.level.web' property to 'DEBUG'
2020-05-26 17:00:41,129 [INFO] org.springframework.data.repository.config.RepositoryConfigurationDelegate:244 - Multiple Spring Data modules found, entering strict repository configuration mode!
2020-05-26 17:00:41,130 [INFO] org.springframework.data.repository.config.RepositoryConfigurationDelegate:126 - Bootstrapping Spring Data repositories in DEFAULT mode.
2020-05-26 17:00:41,163 [INFO] org.springframework.data.repository.config.RepositoryConfigurationDelegate:182 - Finished Spring Data repository scanning in 21ms. Found 0 repository interfaces.
2020-05-26 17:00:41,180 [INFO] org.springframework.data.repository.config.RepositoryConfigurationDelegate:244 - Multiple Spring Data modules found, entering strict repository configuration mode!
2020-05-26 17:00:41,181 [INFO] org.springframework.data.repository.config.RepositoryConfigurationDelegate:126 - Bootstrapping Spring Data repositories in DEFAULT mode.
2020-05-26 17:00:41,197 [INFO] org.springframework.data.repository.config.RepositoryConfigurationDelegate:182 - Finished Spring Data repository scanning in 5ms. Found 0 repository interfaces.
2020-05-26 17:00:41,615 [INFO] org.springframework.context.support.PostProcessorRegistrationDelegate$BeanPostProcessorChecker:330 - Bean 'org.springframework.transaction.annotation.ProxyTransactionManagementConfiguration' of type [org.springframework.transaction.annotation.ProxyTransactionManagementConfiguration$$EnhancerBySpringCGLIB$$95593fb7] is not eligible for getting processed by all BeanPostProcessors (for example: not eligible for auto-proxying)
2020-05-26 17:00:42,249 [INFO] org.springframework.boot.web.embedded.tomcat.TomcatWebServer:90 - Tomcat initialized with port(s): 10086 (http)
2020-05-26 17:00:42,270 [INFO] org.apache.coyote.http11.Http11NioProtocol:173 - Initializing ProtocolHandler ["http-nio-10086"]
2020-05-26 17:00:42,281 [INFO] org.apache.catalina.core.StandardService:173 - Starting service [Tomcat]
2020-05-26 17:00:42,281 [INFO] org.apache.catalina.core.StandardEngine:173 - Starting Servlet engine: [Apache Tomcat/9.0.17]
2020-05-26 17:00:42,461 [INFO] org.apache.catalina.core.ContainerBase.[Tomcat].[localhost].[/]:173 - Initializing Spring embedded WebApplicationContext
2020-05-26 17:00:42,462 [INFO] org.springframework.web.context.ContextLoader:296 - Root WebApplicationContext: initialization completed in 2555 ms
2020-05-26 17:00:42,750 [INFO] com.zaxxer.hikari.HikariDataSource:110 - HikariPool-1 - Starting...
2020-05-26 17:00:43,044 [INFO] com.zaxxer.hikari.HikariDataSource:123 - HikariPool-1 - Start completed.
2020-05-26 17:00:43,105 [INFO] org.hibernate.jpa.internal.util.LogHelper:31 - HHH000204: Processing PersistenceUnitInfo [
	name: default
	...]
2020-05-26 17:00:43,178 [INFO] org.hibernate.Version:46 - HHH000412: Hibernate Core {5.3.9.Final}
2020-05-26 17:00:43,180 [INFO] org.hibernate.cfg.Environment:213 - HHH000206: hibernate.properties not found
2020-05-26 17:00:43,420 [INFO] org.hibernate.annotations.common.Version:49 - HCANN000001: Hibernate Commons Annotations {5.0.4.Final}
2020-05-26 17:00:43,595 [INFO] org.hibernate.dialect.Dialect:157 - HHH000400: Using dialect: org.hibernate.dialect.MySQL5Dialect
2020-05-26 17:00:43,794 [INFO] org.springframework.orm.jpa.LocalContainerEntityManagerFactoryBean:415 - Initialized JPA EntityManagerFactory for persistence unit 'default'
2020-05-26 17:00:44,313 [INFO] org.springframework.scheduling.concurrent.ThreadPoolTaskExecutor:171 - Initializing ExecutorService 'applicationTaskExecutor'
2020-05-26 17:00:44,372 [WARN] org.springframework.boot.autoconfigure.orm.jpa.JpaBaseConfiguration$JpaWebConfiguration$JpaWebMvcConfiguration:237 - spring.jpa.open-in-view is enabled by default. Therefore, database queries may be performed during view rendering. Explicitly configure spring.jpa.open-in-view to disable this warning
2020-05-26 17:00:45,304 [INFO] org.springframework.boot.devtools.autoconfigure.OptionalLiveReloadServer:57 - LiveReload server is running on port 35729
2020-05-26 17:00:45,356 [INFO] org.apache.coyote.http11.Http11NioProtocol:173 - Starting ProtocolHandler ["http-nio-10086"]
2020-05-26 17:00:45,403 [INFO] org.springframework.boot.web.embedded.tomcat.TomcatWebServer:204 - Tomcat started on port(s): 10086 (http) with context path ''
2020-05-26 17:00:45,408 [INFO] com.example.demo.DemoApplication:59 - Started DemoApplication in 6.691 seconds (JVM running for 9.655)
2020-05-26 17:01:04,843 [INFO] com.example.demo.DemoApplication:50 - Starting DemoApplication on yao with PID 11932 (D:\briup-code\demo\target\classes started by 姚 in D:\briup-code\demo)
2020-05-26 17:01:04,849 [INFO] com.example.demo.DemoApplication:675 - No active profile set, falling back to default profiles: default
2020-05-26 17:01:05,089 [INFO] org.springframework.boot.devtools.env.DevToolsPropertyDefaultsPostProcessor:227 - Devtools property defaults active! Set 'spring.devtools.add-properties' to 'false' to disable
2020-05-26 17:01:05,089 [INFO] org.springframework.boot.devtools.env.DevToolsPropertyDefaultsPostProcessor:227 - For additional web related logging consider setting the 'logging.level.web' property to 'DEBUG'
2020-05-26 17:01:06,224 [INFO] org.springframework.data.repository.config.RepositoryConfigurationDelegate:244 - Multiple Spring Data modules found, entering strict repository configuration mode!
2020-05-26 17:01:06,224 [INFO] org.springframework.data.repository.config.RepositoryConfigurationDelegate:126 - Bootstrapping Spring Data repositories in DEFAULT mode.
2020-05-26 17:01:06,256 [INFO] org.springframework.data.repository.config.RepositoryConfigurationDelegate:182 - Finished Spring Data repository scanning in 20ms. Found 0 repository interfaces.
2020-05-26 17:01:06,271 [INFO] org.springframework.data.repository.config.RepositoryConfigurationDelegate:244 - Multiple Spring Data modules found, entering strict repository configuration mode!
2020-05-26 17:01:06,273 [INFO] org.springframework.data.repository.config.RepositoryConfigurationDelegate:126 - Bootstrapping Spring Data repositories in DEFAULT mode.
2020-05-26 17:01:06,288 [INFO] org.springframework.data.repository.config.RepositoryConfigurationDelegate:182 - Finished Spring Data repository scanning in 5ms. Found 0 repository interfaces.
2020-05-26 17:01:06,717 [INFO] org.springframework.context.support.PostProcessorRegistrationDelegate$BeanPostProcessorChecker:330 - Bean 'org.springframework.transaction.annotation.ProxyTransactionManagementConfiguration' of type [org.springframework.transaction.annotation.ProxyTransactionManagementConfiguration$$EnhancerBySpringCGLIB$$8e8276e2] is not eligible for getting processed by all BeanPostProcessors (for example: not eligible for auto-proxying)
2020-05-26 17:01:07,206 [INFO] org.springframework.boot.web.embedded.tomcat.TomcatWebServer:90 - Tomcat initialized with port(s): 10086 (http)
2020-05-26 17:01:07,222 [INFO] org.apache.coyote.http11.Http11NioProtocol:173 - Initializing ProtocolHandler ["http-nio-10086"]
2020-05-26 17:01:07,232 [INFO] org.apache.catalina.core.StandardService:173 - Starting service [Tomcat]
2020-05-26 17:01:07,233 [INFO] org.apache.catalina.core.StandardEngine:173 - Starting Servlet engine: [Apache Tomcat/9.0.17]
2020-05-26 17:01:07,398 [INFO] org.apache.catalina.core.ContainerBase.[Tomcat].[localhost].[/]:173 - Initializing Spring embedded WebApplicationContext
2020-05-26 17:01:07,398 [INFO] org.springframework.web.context.ContextLoader:296 - Root WebApplicationContext: initialization completed in 2308 ms
2020-05-26 17:01:07,671 [INFO] com.zaxxer.hikari.HikariDataSource:110 - HikariPool-1 - Starting...
2020-05-26 17:01:07,994 [INFO] com.zaxxer.hikari.HikariDataSource:123 - HikariPool-1 - Start completed.
2020-05-26 17:01:08,052 [INFO] org.hibernate.jpa.internal.util.LogHelper:31 - HHH000204: Processing PersistenceUnitInfo [
	name: default
	...]
2020-05-26 17:01:08,121 [INFO] org.hibernate.Version:46 - HHH000412: Hibernate Core {5.3.9.Final}
2020-05-26 17:01:08,123 [INFO] org.hibernate.cfg.Environment:213 - HHH000206: hibernate.properties not found
2020-05-26 17:01:08,273 [INFO] org.hibernate.annotations.common.Version:49 - HCANN000001: Hibernate Commons Annotations {5.0.4.Final}
2020-05-26 17:01:08,432 [INFO] org.hibernate.dialect.Dialect:157 - HHH000400: Using dialect: org.hibernate.dialect.MySQL5Dialect
2020-05-26 17:01:08,627 [INFO] org.springframework.orm.jpa.LocalContainerEntityManagerFactoryBean:415 - Initialized JPA EntityManagerFactory for persistence unit 'default'
2020-05-26 17:01:09,127 [INFO] org.springframework.scheduling.concurrent.ThreadPoolTaskExecutor:171 - Initializing ExecutorService 'applicationTaskExecutor'
2020-05-26 17:01:09,171 [WARN] org.springframework.boot.autoconfigure.orm.jpa.JpaBaseConfiguration$JpaWebConfiguration$JpaWebMvcConfiguration:237 - spring.jpa.open-in-view is enabled by default. Therefore, database queries may be performed during view rendering. Explicitly configure spring.jpa.open-in-view to disable this warning
2020-05-26 17:01:09,697 [INFO] org.springframework.boot.devtools.autoconfigure.OptionalLiveReloadServer:57 - LiveReload server is running on port 35729
2020-05-26 17:01:09,730 [INFO] org.apache.coyote.http11.Http11NioProtocol:173 - Starting ProtocolHandler ["http-nio-10086"]
2020-05-26 17:01:09,757 [INFO] org.springframework.boot.web.embedded.tomcat.TomcatWebServer:204 - Tomcat started on port(s): 10086 (http) with context path ''
2020-05-26 17:01:09,760 [INFO] com.example.demo.DemoApplication:59 - Started DemoApplication in 5.844 seconds (JVM running for 8.986)
2020-05-26 17:01:14,884 [INFO] org.apache.catalina.core.ContainerBase.[Tomcat].[localhost].[/]:173 - Initializing Spring DispatcherServlet 'dispatcherServlet'
2020-05-26 17:01:14,885 [INFO] org.springframework.web.servlet.DispatcherServlet:524 - Initializing Servlet 'dispatcherServlet'
2020-05-26 17:01:14,901 [INFO] org.springframework.web.servlet.DispatcherServlet:546 - Completed initialization in 16 ms
2020-05-26 17:01:15,229 [INFO] com.example.demo.service.CustomerService:44 - 返回:com.example.demo.domain.Customertype@41bf7a82
2020-05-26 17:01:15,239 [INFO] com.example.demo.service.CustomerService:44 - 返回:com.example.demo.domain.Customertype@6259892d
2020-05-26 17:01:15,248 [INFO] com.example.demo.service.CustomerService:44 - 返回:com.example.demo.domain.Customertype@ace277
2020-05-26 17:01:43,843 [INFO] com.example.demo.DemoApplication:50 - Starting DemoApplication on yao with PID 8112 (D:\briup-code\demo\target\classes started by 姚 in D:\briup-code\demo)
2020-05-26 17:01:43,847 [INFO] com.example.demo.DemoApplication:675 - No active profile set, falling back to default profiles: default
2020-05-26 17:01:43,943 [INFO] org.springframework.boot.devtools.env.DevToolsPropertyDefaultsPostProcessor:227 - Devtools property defaults active! Set 'spring.devtools.add-properties' to 'false' to disable
2020-05-26 17:01:43,944 [INFO] org.springframework.boot.devtools.env.DevToolsPropertyDefaultsPostProcessor:227 - For additional web related logging consider setting the 'logging.level.web' property to 'DEBUG'
2020-05-26 17:01:44,859 [INFO] org.springframework.data.repository.config.RepositoryConfigurationDelegate:244 - Multiple Spring Data modules found, entering strict repository configuration mode!
2020-05-26 17:01:44,860 [INFO] org.springframework.data.repository.config.RepositoryConfigurationDelegate:126 - Bootstrapping Spring Data repositories in DEFAULT mode.
2020-05-26 17:01:44,891 [INFO] org.springframework.data.repository.config.RepositoryConfigurationDelegate:182 - Finished Spring Data repository scanning in 20ms. Found 0 repository interfaces.
2020-05-26 17:01:44,905 [INFO] org.springframework.data.repository.config.RepositoryConfigurationDelegate:244 - Multiple Spring Data modules found, entering strict repository configuration mode!
2020-05-26 17:01:44,907 [INFO] org.springframework.data.repository.config.RepositoryConfigurationDelegate:126 - Bootstrapping Spring Data repositories in DEFAULT mode.
2020-05-26 17:01:44,921 [INFO] org.springframework.data.repository.config.RepositoryConfigurationDelegate:182 - Finished Spring Data repository scanning in 5ms. Found 0 repository interfaces.
2020-05-26 17:01:45,330 [INFO] org.springframework.context.support.PostProcessorRegistrationDelegate$BeanPostProcessorChecker:330 - Bean 'org.springframework.transaction.annotation.ProxyTransactionManagementConfiguration' of type [org.springframework.transaction.annotation.ProxyTransactionManagementConfiguration$$EnhancerBySpringCGLIB$$91b0874e] is not eligible for getting processed by all BeanPostProcessors (for example: not eligible for auto-proxying)
2020-05-26 17:01:45,818 [INFO] org.springframework.boot.web.embedded.tomcat.TomcatWebServer:90 - Tomcat initialized with port(s): 10086 (http)
2020-05-26 17:01:45,835 [INFO] org.apache.coyote.http11.Http11NioProtocol:173 - Initializing ProtocolHandler ["http-nio-10086"]
2020-05-26 17:01:45,847 [INFO] org.apache.catalina.core.StandardService:173 - Starting service [Tomcat]
2020-05-26 17:01:45,847 [INFO] org.apache.catalina.core.StandardEngine:173 - Starting Servlet engine: [Apache Tomcat/9.0.17]
2020-05-26 17:01:46,010 [INFO] org.apache.catalina.core.ContainerBase.[Tomcat].[localhost].[/]:173 - Initializing Spring embedded WebApplicationContext
2020-05-26 17:01:46,010 [INFO] org.springframework.web.context.ContextLoader:296 - Root WebApplicationContext: initialization completed in 2066 ms
2020-05-26 17:01:46,271 [INFO] com.zaxxer.hikari.HikariDataSource:110 - HikariPool-1 - Starting...
2020-05-26 17:01:46,578 [INFO] com.zaxxer.hikari.HikariDataSource:123 - HikariPool-1 - Start completed.
2020-05-26 17:01:46,635 [INFO] org.hibernate.jpa.internal.util.LogHelper:31 - HHH000204: Processing PersistenceUnitInfo [
	name: default
	...]
2020-05-26 17:01:46,704 [INFO] org.hibernate.Version:46 - HHH000412: Hibernate Core {5.3.9.Final}
2020-05-26 17:01:46,705 [INFO] org.hibernate.cfg.Environment:213 - HHH000206: hibernate.properties not found
2020-05-26 17:01:46,850 [INFO] org.hibernate.annotations.common.Version:49 - HCANN000001: Hibernate Commons Annotations {5.0.4.Final}
2020-05-26 17:01:47,005 [INFO] org.hibernate.dialect.Dialect:157 - HHH000400: Using dialect: org.hibernate.dialect.MySQL5Dialect
2020-05-26 17:01:47,197 [INFO] org.springframework.orm.jpa.LocalContainerEntityManagerFactoryBean:415 - Initialized JPA EntityManagerFactory for persistence unit 'default'
2020-05-26 17:01:47,712 [INFO] org.springframework.scheduling.concurrent.ThreadPoolTaskExecutor:171 - Initializing ExecutorService 'applicationTaskExecutor'
2020-05-26 17:01:47,750 [WARN] org.springframework.boot.autoconfigure.orm.jpa.JpaBaseConfiguration$JpaWebConfiguration$JpaWebMvcConfiguration:237 - spring.jpa.open-in-view is enabled by default. Therefore, database queries may be performed during view rendering. Explicitly configure spring.jpa.open-in-view to disable this warning
2020-05-26 17:01:48,246 [INFO] org.springframework.boot.devtools.autoconfigure.OptionalLiveReloadServer:57 - LiveReload server is running on port 35729
2020-05-26 17:01:48,278 [INFO] org.apache.coyote.http11.Http11NioProtocol:173 - Starting ProtocolHandler ["http-nio-10086"]
2020-05-26 17:01:48,305 [INFO] org.springframework.boot.web.embedded.tomcat.TomcatWebServer:204 - Tomcat started on port(s): 10086 (http) with context path ''
2020-05-26 17:01:48,309 [INFO] com.example.demo.DemoApplication:59 - Started DemoApplication in 5.439 seconds (JVM running for 7.881)
